{"D:\\akshay saini react\\Ep08\\namaste-react-episode-08\\src\\testcase\\Sum.js": {"path":"D:\\akshay saini react\\Ep08\\namaste-react-episode-08\\src\\testcase\\Sum.js","statementMap":{"0":{"start":{"line":1,"column":15},"end":{"line":4,"column":1}},"1":{"start":{"line":3,"column":4},"end":{"line":3,"column":14}}},"fnMap":{"0":{"name":"(anonymous_0)","decl":{"start":{"line":1,"column":15},"end":{"line":1,"column":16}},"loc":{"start":{"line":1,"column":22},"end":{"line":4,"column":1}},"line":1}},"branchMap":{},"s":{"0":1,"1":1},"f":{"0":1},"b":{},"_coverageSchema":"1a1c01bbd47fc00a2c39e90264f33305004495a9","hash":"70ef437bb06dc1de88908925698fd84ce6f43828"}
}
